0 info it worked if it ends with ok
1 verbose cli [ 'D:\\node\\node.exe',
1 verbose cli   'C:\\Users\\ddd\\AppData\\Roaming\\npm\\node_modules\\npm\\bin\\npm-cli.js',
1 verbose cli   'publish',
1 verbose cli   'win' ]
2 info using npm@3.8.6
3 info using node@v5.10.0
4 verbose publish [ 'win' ]
5 silly cache add args [ 'win', null ]
6 verbose cache add spec win
7 silly cache add parsed spec Result {
7 silly cache add   raw: 'win',
7 silly cache add   scope: null,
7 silly cache add   name: 'win',
7 silly cache add   rawSpec: '',
7 silly cache add   spec: 'latest',
7 silly cache add   type: 'tag' }
8 silly addNamed win@latest
9 verbose addNamed "latest" is being treated as a dist-tag for win
10 info addNameTag [ 'win', 'latest' ]
11 silly mapToRegistry name win
12 silly mapToRegistry using default registry
13 silly mapToRegistry registry https://registry.npmjs.org/
14 silly mapToRegistry data Result {
14 silly mapToRegistry   raw: 'win',
14 silly mapToRegistry   scope: null,
14 silly mapToRegistry   name: 'win',
14 silly mapToRegistry   rawSpec: '',
14 silly mapToRegistry   spec: 'latest',
14 silly mapToRegistry   type: 'tag' }
15 silly mapToRegistry uri https://registry.npmjs.org/win
16 verbose addNameTag registry:https://registry.npmjs.org/win not in flight; fetching
17 verbose request uri https://registry.npmjs.org/win
18 verbose request no auth needed
19 info attempt registry request try #1 at 16:55:00
20 verbose request using bearer token for auth
21 verbose request id f4c6ca604ff333cd
22 http request GET https://registry.npmjs.org/win
23 http 200 https://registry.npmjs.org/win
24 verbose headers { server: 'nginx/1.10.3',
24 verbose headers   'content-type': 'application/json',
24 verbose headers   'last-modified': 'Wed, 21 Aug 2013 14:32:59 GMT',
24 verbose headers   etag: 'W/"5214cf9b-607"',
24 verbose headers   'content-encoding': 'gzip',
24 verbose headers   'cache-control': 'max-age=300',
24 verbose headers   'transfer-encoding': 'chunked',
24 verbose headers   'accept-ranges': 'bytes',
24 verbose headers   date: 'Fri, 14 Jul 2017 08:55:01 GMT',
24 verbose headers   via: '1.1 varnish',
24 verbose headers   connection: 'keep-alive',
24 verbose headers   'x-served-by': 'cache-nrt6132-NRT',
24 verbose headers   'x-cache': 'MISS',
24 verbose headers   'x-cache-hits': '0',
24 verbose headers   'x-timer': 'S1500022501.926775,VS0,VE159',
24 verbose headers   vary: 'Accept-Encoding, Accept' }
25 silly get cb [ 200,
25 silly get   { server: 'nginx/1.10.3',
25 silly get     'content-type': 'application/json',
25 silly get     'last-modified': 'Wed, 21 Aug 2013 14:32:59 GMT',
25 silly get     etag: 'W/"5214cf9b-607"',
25 silly get     'content-encoding': 'gzip',
25 silly get     'cache-control': 'max-age=300',
25 silly get     'transfer-encoding': 'chunked',
25 silly get     'accept-ranges': 'bytes',
25 silly get     date: 'Fri, 14 Jul 2017 08:55:01 GMT',
25 silly get     via: '1.1 varnish',
25 silly get     connection: 'keep-alive',
25 silly get     'x-served-by': 'cache-nrt6132-NRT',
25 silly get     'x-cache': 'MISS',
25 silly get     'x-cache-hits': '0',
25 silly get     'x-timer': 'S1500022501.926775,VS0,VE159',
25 silly get     vary: 'Accept-Encoding, Accept' } ]
26 verbose get saving win to C:\Users\ddd\AppData\Roaming\npm-cache\registry.npmjs.org\win\.cache.json
27 verbose correctMkdir C:\Users\ddd\AppData\Roaming\npm-cache correctMkdir not in flight; initializing
28 silly addNameTag next cb for win with tag latest
29 silly addNamed win@0.0.1
30 verbose addNamed "0.0.1" is a plain semver version for win
31 silly mapToRegistry name win
32 silly mapToRegistry using default registry
33 silly mapToRegistry registry https://registry.npmjs.org/
34 silly mapToRegistry data Result {
34 silly mapToRegistry   raw: 'win',
34 silly mapToRegistry   scope: null,
34 silly mapToRegistry   name: 'win',
34 silly mapToRegistry   rawSpec: '',
34 silly mapToRegistry   spec: 'latest',
34 silly mapToRegistry   type: 'tag' }
35 silly mapToRegistry uri https://registry.npmjs.org/win
36 verbose addRemoteTarball https://registry.npmjs.org/win/-/win-0.0.1.tgz not in flight; adding
37 verbose addRemoteTarball [ 'https://registry.npmjs.org/win/-/win-0.0.1.tgz',
37 verbose addRemoteTarball   'b2dcf058826afbc4c7203694badadec4c4eadfda' ]
38 info retry fetch attempt 1 at 16:55:01
39 info attempt registry request try #1 at 16:55:01
40 http fetch GET https://registry.npmjs.org/win/-/win-0.0.1.tgz
41 verbose request using bearer token for auth
42 http fetch 200 https://registry.npmjs.org/win/-/win-0.0.1.tgz
43 silly fetchAndShaCheck shasum b2dcf058826afbc4c7203694badadec4c4eadfda
44 verbose addTmpTarball C:\Users\ddd\AppData\Local\Temp\npm-7860-7a9c914c\registry.npmjs.org\win\-\win-0.0.1.tgz not in flight; adding
45 verbose addTmpTarball already have metadata; skipping unpack for win@0.0.1
46 verbose correctMkdir C:\Users\ddd\AppData\Roaming\npm-cache correctMkdir not in flight; initializing
47 silly cache afterAdd win@0.0.1
48 verbose afterAdd C:\Users\ddd\AppData\Roaming\npm-cache\win\0.0.1\package\package.json not in flight; writing
49 verbose correctMkdir C:\Users\ddd\AppData\Roaming\npm-cache correctMkdir not in flight; initializing
50 verbose afterAdd C:\Users\ddd\AppData\Roaming\npm-cache\win\0.0.1\package\package.json written
51 silly publish { name: 'win',
51 silly publish   description: 'Create WIN projects, run locally, or publish them to the web.',
51 silly publish   version: '0.0.1',
51 silly publish   keywords:
51 silly publish    [ 'Neural Network',
51 silly publish      'NN',
51 silly publish      'Artificial Neural Networks',
51 silly publish      'WIN',
51 silly publish      'ANN',
51 silly publish      'CPPN',
51 silly publish      'NEAT',
51 silly publish      'HyperNEAT' ],
51 silly publish   author:
51 silly publish    { name: 'Paul Szerlip',
51 silly publish      email: 'Paul.Szerlip@cs.ucf.edu',
51 silly publish      url: 'http://designforcode.com/' },
51 silly publish   bin: { win: './bin/win' },
51 silly publish   repository: { type: 'git', url: 'https://github.com/OptimusLime/winjs.git' },
51 silly publish   bugs: 'https://github.com/OptimusLime/winjs/issues',
51 silly publish   license: 'MIT',
51 silly publish   dependencies: { commander: '2.x.x' },
51 silly publish   devDependencies: {},
51 silly publish   _id: 'win@0.0.1',
51 silly publish   readme: 'ERROR: No README.md file found!',
51 silly publish   dist:
51 silly publish    { shasum: 'b2dcf058826afbc4c7203694badadec4c4eadfda',
51 silly publish      tarball: 'https://registry.npmjs.org/win/-/win-0.0.1.tgz' },
51 silly publish   _npmVersion: '1.1.66',
51 silly publish   _npmUser: { name: 'foreverspoons', email: 'Paul.Szerlip@cs.ucf.edu' },
51 silly publish   maintainers: [ { name: 'foreverspoons', email: 'Paul.Szerlip@cs.ucf.edu' } ],
51 silly publish   directories: {},
51 silly publish   _shasum: 'b2dcf058826afbc4c7203694badadec4c4eadfda',
51 silly publish   _resolved: 'https://registry.npmjs.org/win/-/win-0.0.1.tgz',
51 silly publish   _from: 'win@latest' }
52 info lifecycle win@0.0.1~prepublish: win@0.0.1
53 silly lifecycle win@0.0.1~prepublish: no script for prepublish, continuing
54 verbose getPublishConfig undefined
55 silly mapToRegistry name win
56 silly mapToRegistry using default registry
57 silly mapToRegistry registry https://registry.npmjs.org/
58 silly mapToRegistry data Result {
58 silly mapToRegistry   raw: 'win',
58 silly mapToRegistry   scope: null,
58 silly mapToRegistry   name: 'win',
58 silly mapToRegistry   rawSpec: '',
58 silly mapToRegistry   spec: 'latest',
58 silly mapToRegistry   type: 'tag' }
59 silly mapToRegistry uri https://registry.npmjs.org/win
60 verbose publish registryBase https://registry.npmjs.org/
61 silly publish uploading C:\Users\ddd\AppData\Roaming\npm-cache\win\0.0.1\package.tgz
62 verbose request uri https://registry.npmjs.org/win
63 verbose request sending authorization for write operation
64 info attempt registry request try #1 at 16:55:02
65 verbose request using bearer token for auth
66 http request PUT https://registry.npmjs.org/win
67 http 403 https://registry.npmjs.org/win
68 verbose headers { 'content-type': 'application/json',
68 verbose headers   'cache-control': 'max-age=300',
68 verbose headers   'content-length': '97',
68 verbose headers   'accept-ranges': 'bytes',
68 verbose headers   date: 'Fri, 14 Jul 2017 08:55:02 GMT',
68 verbose headers   via: '1.1 varnish',
68 verbose headers   connection: 'keep-alive',
68 verbose headers   'x-served-by': 'cache-nrt6132-NRT',
68 verbose headers   'x-cache': 'MISS',
68 verbose headers   'x-cache-hits': '0',
68 verbose headers   'x-timer': 'S1500022502.803097,VS0,VE323',
68 verbose headers   vary: 'Accept-Encoding, Accept' }
69 verbose request invalidating C:\Users\ddd\AppData\Roaming\npm-cache\registry.npmjs.org\win on PUT
70 error publish Failed PUT 403
71 verbose stack Error: you do not have permission to publish "win". Are you logged in as the correct user? : win
71 verbose stack     at makeError (C:\Users\ddd\AppData\Roaming\npm\node_modules\npm\node_modules\npm-registry-client\lib\request.js:264:12)
71 verbose stack     at CachingRegistryClient.<anonymous> (C:\Users\ddd\AppData\Roaming\npm\node_modules\npm\node_modules\npm-registry-client\lib\request.js:252:14)
71 verbose stack     at Request._callback (C:\Users\ddd\AppData\Roaming\npm\node_modules\npm\node_modules\npm-registry-client\lib\request.js:172:14)
71 verbose stack     at Request.self.callback (C:\Users\ddd\AppData\Roaming\npm\node_modules\npm\node_modules\request\request.js:199:22)
71 verbose stack     at emitTwo (events.js:100:13)
71 verbose stack     at Request.emit (events.js:185:7)
71 verbose stack     at Request.<anonymous> (C:\Users\ddd\AppData\Roaming\npm\node_modules\npm\node_modules\request\request.js:1036:10)
71 verbose stack     at emitOne (events.js:95:20)
71 verbose stack     at Request.emit (events.js:182:7)
71 verbose stack     at IncomingMessage.<anonymous> (C:\Users\ddd\AppData\Roaming\npm\node_modules\npm\node_modules\request\request.js:963:12)
72 verbose statusCode 403
73 verbose pkgid win
74 verbose cwd E:\laodong\es-win\win
75 error Windows_NT 6.1.7601
76 error argv "D:\\node\\node.exe" "C:\\Users\\ddd\\AppData\\Roaming\\npm\\node_modules\\npm\\bin\\npm-cli.js" "publish" "win"
77 error node v5.10.0
78 error npm  v3.8.6
79 error code E403
80 error you do not have permission to publish "win". Are you logged in as the correct user? : win
81 error If you need help, you may report this error at:
81 error     <https://github.com/npm/npm/issues>
82 verbose exit [ 1, true ]
